Building DAG of jobs...
Provided cores: 4
Rules claiming more threads will be scaled down.
Job stats:
job              count
-------------  -------
all                  1
analyze              1
clean                1
download_data        1
integration          1
total                5

Select jobs to execute...

[Fri May  9 21:05:55 2025]
rule download_data:
    output: datasets/cost-of-international-education/International_Education_Costs.csv, datasets/world-happiness/2019.csv
    jobid: 4
    reason: Missing output files: datasets/world-happiness/2019.csv, datasets/cost-of-international-education/International_Education_Costs.csv
    resources: tmpdir=C:\Users\ethan\AppData\Local\Temp

[Fri May  9 21:05:58 2025]
Finished job 4.
1 of 5 steps (20%) done
Select jobs to execute...

[Fri May  9 21:05:58 2025]
rule clean:
    input: datasets/cost-of-international-education/International_Education_Costs.csv, datasets/world-happiness/2019.csv
    output: cleaned_data/cleaned_International_Education_Costs.csv, cleaned_data/cleaned_2019_happiness.csv
    jobid: 3
    reason: Missing output files: cleaned_data/cleaned_International_Education_Costs.csv, cleaned_data/cleaned_2019_happiness.csv; Input files updated by another job: datasets/world-happiness/2019.csv, datasets/cost-of-international-education/International_Education_Costs.csv
    resources: tmpdir=C:\Users\ethan\AppData\Local\Temp

[Fri May  9 21:06:00 2025]
Finished job 3.
2 of 5 steps (40%) done
Select jobs to execute...

[Fri May  9 21:06:00 2025]
rule integration:
    input: cleaned_data/cleaned_International_Education_Costs.csv, cleaned_data/cleaned_2019_happiness.csv
    output: datasets/merged.csv
    jobid: 2
    reason: Missing output files: datasets/merged.csv; Input files updated by another job: cleaned_data/cleaned_International_Education_Costs.csv, cleaned_data/cleaned_2019_happiness.csv
    resources: tmpdir=C:\Users\ethan\AppData\Local\Temp

[Fri May  9 21:06:01 2025]
Finished job 2.
3 of 5 steps (60%) done
Select jobs to execute...

[Fri May  9 21:06:01 2025]
rule analyze:
    input: datasets/merged.csv
    output: output/tuition_vs_happiness.png, output/affordability_vs_happiness.png
    jobid: 1
    reason: Missing output files: output/tuition_vs_happiness.png, output/affordability_vs_happiness.png; Input files updated by another job: datasets/merged.csv
    resources: tmpdir=C:\Users\ethan\AppData\Local\Temp

[Fri May  9 21:06:04 2025]
Finished job 1.
4 of 5 steps (80%) done
Select jobs to execute...

[Fri May  9 21:06:04 2025]
localrule all:
    input: output/tuition_vs_happiness.png, output/affordability_vs_happiness.png
    jobid: 0
    reason: Input files updated by another job: output/tuition_vs_happiness.png, output/affordability_vs_happiness.png
    resources: tmpdir=C:\Users\ethan\AppData\Local\Temp

[Fri May  9 21:06:04 2025]
Finished job 0.
5 of 5 steps (100%) done
Complete log: .snakemake\log\2025-05-09T210555.520324.snakemake.log
